<?xml version="1.0" encoding="UTF-8"?>
<!-- Generated by org.testng.reporters.JUnitReportReporter -->
<testsuite skipped="0" hostname="bhavesh-hinu" name="com.foto.testcases.ValidLogin" tests="1" failures="0" timestamp="23 Oct 2017 18:11:44 GMT" time="32.525" errors="0">
  <testcase name="verifyValidLogin" time="32.525" classname="com.foto.testcases.ValidLogin"/>
</testsuite> <!-- com.foto.testcases.ValidLogin -->
