<?xml version="1.0" encoding="UTF-8"?>
<!-- Generated by org.testng.reporters.JUnitReportReporter -->
<testsuite skipped="0" hostname="bhavesh-hinu" name="com.foto.testcases.VerifyHelpPage" tests="1" failures="0" timestamp="23 Oct 2017 18:11:44 GMT" time="24.424" errors="0">
  <testcase name="verify_help_page" time="24.424" classname="com.foto.testcases.VerifyHelpPage"/>
</testsuite> <!-- com.foto.testcases.VerifyHelpPage -->
