<?xml version="1.0" encoding="UTF-8"?>
<!-- Generated by org.testng.reporters.JUnitReportReporter -->
<testsuite skipped="0" hostname="bhavesh-hinu" name="com.foto.testcases.VerifyRegistrationForm" tests="1" failures="0" timestamp="23 Oct 2017 18:11:44 GMT" time="27.767" errors="0">
  <testcase name="verifyRegistration" time="27.767" classname="com.foto.testcases.VerifyRegistrationForm"/>
</testsuite> <!-- com.foto.testcases.VerifyRegistrationForm -->
