<?xml version="1.0" encoding="UTF-8"?>
<!-- Generated by org.testng.reporters.JUnitReportReporter -->
<testsuite skipped="0" hostname="bhavesh-hinu" name="com.foto.testcases.VerifySearch" tests="2" failures="0" timestamp="28 Oct 2017 16:03:15 GMT" time="12.809" errors="0">
  <testcase name="verifySearch_invalidText" time="7.772" classname="com.foto.testcases.VerifySearch"/>
  <testcase name="verifySearch_validText" time="5.037" classname="com.foto.testcases.VerifySearch"/>
</testsuite> <!-- com.foto.testcases.VerifySearch -->
