<?xml version="1.0" encoding="UTF-8"?>
<!-- Generated by org.testng.reporters.JUnitReportReporter -->
<testsuite skipped="0" hostname="bhavesh-hinu" name="com.foto.testcases.Verify_All_Active_Links_Homepage" tests="1" failures="0" timestamp="23 Oct 2017 18:11:44 GMT" time="101.161" errors="0">
  <testcase name="Verify_Active_Link" time="101.161" classname="com.foto.testcases.Verify_All_Active_Links_Homepage"/>
</testsuite> <!-- com.foto.testcases.Verify_All_Active_Links_Homepage -->
